src/components/attendance/AttendanceApprovalCard.tsx(1,1): error TS6133: 'React' is declared but its value is never read.
src/components/attendance/AttendanceStatusChip.tsx(1,1): error TS6133: 'React' is declared but its value is never read.
src/components/attendance/RejectAttendanceModal.tsx(1,8): error TS6133: 'React' is declared but its value is never read.
src/components/classLeads/ClassLeadStatusChip.tsx(1,16): error TS6133: 'alpha' is declared but its value is never read.
src/components/classLeads/StatusTimeline.tsx(18,9): error TS6133: 'hasDemoScheduled' is declared but its value is never read.
src/components/classLeads/StatusTimeline.tsx(19,9): error TS6133: 'hasDemoCompleted' is declared but its value is never read.
src/components/common/ErrorBoundary.tsx(1,8): error TS6133: 'React' is declared but its value is never read.
src/components/common/StyledCard.tsx(4,52): error TS6133: 'theme' is declared but its value is never read.
src/components/common/StyledCard.tsx(16,51): error TS6133: 'theme' is declared but its value is never read.
src/components/coordinator/TaskCard.tsx(14,10): error TS6133: 'ATTENDANCE_STATUS' is declared but its value is never read.
src/components/dashboard/RoleDistributionChart.tsx(57,39): error TS6133: 'entry' is declared but its value is never read.
src/components/dashboard/TeacherGrowthChart.tsx(11,3): error TS6133: 'Legend' is declared but its value is never read.
src/components/layout/Header.tsx(27,10): error TS6133: 'tutorProfile' is declared but its value is never read.
src/components/layout/NotificationsPanel.tsx(1,8): error TS6133: 'React' is declared but its value is never read.
src/components/parents/ClassCard.tsx(8,3): error TS6133: 'Avatar' is declared but its value is never read.
src/components/payments/PaymentHistoryTable.tsx(1,1): error TS6133: 'React' is declared but its value is never read.
src/components/payments/PaymentStatusChip.tsx(1,1): error TS6133: 'React' is declared but its value is never read.
src/components/payments/PaymentUpdateModal.tsx(1,8): error TS6133: 'React' is declared but its value is never read.
src/components/payments/PaymentUpdateModal.tsx(2,95): error TS6133: 'Typography' is declared but its value is never read.
src/components/tutors/AttendanceSheet.tsx(3,1): error TS6133: 'html2canvas' is declared but its value is never read.
src/components/tutors/AttendanceSheet.tsx(53,9): error TS6133: 'csv' is declared but its value is never read.
src/components/tutors/AttendanceSheet.tsx(71,11): error TS6133: 'pageHeight' is declared but its value is never read.
src/components/tutors/ClassLeadsFeedCard.tsx(313,19): error TS6133: 'isOffline' is declared but its value is never read.
src/components/tutors/ClassLeadsFeedCard.tsx(314,19): error TS6133: 'tutorSubjects' is declared but its value is never read.
src/components/tutors/ClassLeadsFeedCard.tsx(315,19): error TS6133: 'leadSubjectsArray' is declared but its value is never read.
src/components/tutors/ClassLeadsFeedCard.tsx(319,19): error TS6133: 'tutorAreas' is declared but its value is never read.
src/components/tutors/ClassLeadsFeedCard.tsx(322,19): error TS6133: 'clArea' is declared but its value is never read.
src/components/tutors/ClassLeadsFeedCard.tsx(323,19): error TS6133: 'clLocation' is declared but its value is never read.
src/components/tutors/ClassLeadsFeedCard.tsx(325,19): error TS6133: 'tutorCities' is declared but its value is never read.
src/components/tutors/ClassLeadsFeedCard.tsx(328,19): error TS6133: 'clCity' is declared but its value is never read.
src/components/tutors/DemoClassesCard.tsx(11,1): error TS6133: 'EmptyState' is declared but its value is never read.
src/components/tutors/DocumentViewer.tsx(1,1): error TS6133: 'React' is declared but its value is never read.
src/components/tutors/FeedbackPerformanceCard.tsx(157,9): error TS6133: 'attendanceApprovalRate' is declared but its value is never read.
src/components/tutors/MyClassesCard.tsx(51,10): error TS6133: 'selectedRangeByClass' is declared but its value is never read.
src/components/tutors/NotificationsCenterCard.tsx(32,5): error TS6133: 'pagination' is declared but its value is never read.
src/components/tutors/PaymentsEarningsCard.tsx(143,9): error TS6133: 'totalAmount' is declared but its value is never read.
src/components/tutors/TodayScheduleCard.tsx(2,46): error TS6133: 'Button' is declared but its value is never read.
src/components/tutors/TodayScheduleCard.tsx(4,1): error TS6133: 'ClassIcon' is declared but its value is never read.
src/components/tutors/TodayScheduleCard.tsx(174,30): error TS2339: Property 'topic' does not exist on type 'IFinalClass'.
src/components/tutors/TutorClassesStatsBox.tsx(24,11): error TS6133: 'startOfMonth' is declared but its value is never read.
src/components/tutors/TutorClassesStatsBox.tsx(25,11): error TS6133: 'endOfMonth' is declared but its value is never read.
src/components/tutors/TutorProfileOverviewCard.tsx(18,23): error TS6133: 'orange' is declared but its value is never read.
src/components/tutors/UpcomingTestsCard.tsx(150,42): error TS2339: Property '_id' does not exist on type 'IFinalClass'.
src/components/tutors/VerificationModal.tsx(1,8): error TS6133: 'React' is declared but its value is never read.
src/components/tutors/VerificationStatusChip.tsx(1,1): error TS6133: 'React' is declared but its value is never read.
src/components/ui/calendar.tsx(3,27): error TS2307: Cannot find module 'react-day-picker' or its corresponding type declarations.
src/components/ui/calendar.tsx(55,20): error TS6133: '_props' is declared but its value is never read.
src/components/ui/calendar.tsx(56,21): error TS6133: '_props' is declared but its value is never read.
src/components/ui/carousel.tsx(4,8): error TS2307: Cannot find module 'embla-carousel-react' or its corresponding type declarations.
src/components/ui/chart.tsx(210,29): error TS2345: Argument of type '{ "h-2.5 w-2.5": boolean; "w-1": boolean; "w-0 border-[1.5px] border-dashed bg-transparent": boolean; "my-0.5": boolean; }' is not assignable to parameter of type 'string | false | null | undefined'.
src/components/ui/drawer.tsx(2,43): error TS2307: Cannot find module 'vaul' or its corresponding type declarations.
src/components/ui/input-otp.tsx(2,43): error TS2307: Cannot find module 'input-otp' or its corresponding type declarations.
src/components/ui/input-otp.tsx(36,44): error TS18046: 'inputOTPContext' is of type 'unknown'.
src/components/ui/resizable.tsx(2,37): error TS2307: Cannot find module 'react-resizable-panels' or its corresponding type declarations.
src/components/ui/sidebar.tsx(6,29): error TS2307: Cannot find module '@/hooks/use-mobile' or its corresponding type declarations.
src/components/ui/sonner.tsx(1,26): error TS2307: Cannot find module 'next-themes' or its corresponding type declarations.
src/components/ui/toaster.tsx(1,26): error TS2307: Cannot find module '@/hooks/use-toast' or its corresponding type declarations.
src/components/ui/toaster.tsx(16,31): error TS7031: Binding element 'id' implicitly has an 'any' type.
src/components/ui/toaster.tsx(16,35): error TS7031: Binding element 'title' implicitly has an 'any' type.
src/components/ui/toaster.tsx(16,42): error TS7031: Binding element 'description' implicitly has an 'any' type.
src/components/ui/toaster.tsx(16,55): error TS7031: Binding element 'action' implicitly has an 'any' type.
src/components/ui/use-toast.ts(1,33): error TS2307: Cannot find module '@/hooks/use-toast' or its corresponding type declarations.
src/pages/admin/AdminDashboardPage.tsx(41,21): error TS6133: 'setDateRange' is declared but its value is never read.
src/pages/admin/CoordinatorsManagementPage.tsx(68,18): error TS6133: 'setSortBy' is declared but its value is never read.
src/pages/admin/CoordinatorsManagementPage.tsx(69,21): error TS6133: 'setSortOrder' is declared but its value is never read.
src/pages/admin/DataManagementPage.tsx(22,77): error TS2724: '"@mui/x-data-grid"' has no exported member named 'GridValueGetterParams'. Did you mean 'GridValueGetter'?
src/pages/admin/DataManagementPage.tsx(28,1): error TS6133: 'ClearIcon' is declared but its value is never read.
src/pages/admin/DataManagementPage.tsx(45,3): error TS6133: 'IClassLead' is declared but its value is never read.
src/pages/admin/DataManagementPage.tsx(46,3): error TS6133: 'IPayment' is declared but its value is never read.
src/pages/admin/DataManagementPage.tsx(47,3): error TS6133: 'IAttendance' is declared but its value is never read.
src/pages/admin/DataManagementPage.tsx(48,3): error TS6133: 'ITutor' is declared but its value is never read.
src/pages/admin/DataManagementPage.tsx(49,3): error TS6133: 'IFinalClass' is declared but its value is never read.
src/pages/admin/DataManagementPage.tsx(343,9): error TS6133: 'handleSelectAll' is declared but its value is never read.
src/pages/auth/ParentLoginPage.tsx(2,76): error TS6133: 'ToggleButtonGroup' is declared but its value is never read.
src/pages/auth/ParentLoginPage.tsx(2,95): error TS6133: 'ToggleButton' is declared but its value is never read.
src/pages/auth/ParentLoginPage.tsx(6,40): error TS6133: 'parentLoginLookup' is declared but its value is never read.
src/pages/classLeads/ClassLeadsListPage.tsx(2,46): error TS6133: 'Card' is declared but its value is never read.
src/pages/classLeads/ClassLeadsListPage.tsx(2,52): error TS6133: 'CardContent' is declared but its value is never read.
src/pages/classLeads/ClassLeadsListPage.tsx(2,104): error TS6133: 'Stack' is declared but its value is never read.
src/pages/classLeads/ClassLeadsListPage.tsx(2,111): error TS6133: 'Grid' is declared but its value is never read.
src/pages/classLeads/ClassLeadsListPage.tsx(21,9): error TS6133: 'isXs' is declared but its value is never read.
src/pages/classLeads/ClassLeadsListPage.tsx(239,48): error TS2339: Property '_id' does not exist on type '{ displaySubjects: string[]; id: string; studentName: string; parentEmail?: string | undefined; parentPhone?: string | undefined; grade: string; subject: string; board: string; mode: string; location?: string | undefined; ... 15 more ...; updatedAt: Date; }'.
src/pages/classLeads/ClassLeadsListPage.tsx(242,27): error TS2339: Property 'studentType' does not exist on type '{ displaySubjects: string[]; id: string; studentName: string; parentEmail?: string | undefined; parentPhone?: string | undefined; grade: string; subject: string; board: string; mode: string; location?: string | undefined; ... 15 more ...; updatedAt: Date; }'.
src/pages/classLeads/ClassLeadsListPage.tsx(242,74): error TS2769: No overload matches this call.
  Overload 1 of 2, '(props: { component: ElementType<any, keyof IntrinsicElements>; } & ChipOwnProps & CommonProps & Omit<any, "children" | ... 15 more ... | "skipFocusWhenDisabled">): Element | null', gave the following error.
    Type '"tiny"' is not assignable to type 'OverridableStringUnion<"small" | "medium", ChipPropsSizeOverrides> | undefined'.
  Overload 2 of 2, '(props: DefaultComponentProps<ChipTypeMap<{}, "div">>): Element | null', gave the following error.
    Type '"tiny"' is not assignable to type 'OverridableStringUnion<"small" | "medium", ChipPropsSizeOverrides> | undefined'.
src/pages/classLeads/ClassLeadsListPage.tsx(265,126): error TS2339: Property '_id' does not exist on type '{ displaySubjects: string[]; id: string; studentName: string; parentEmail?: string | undefined; parentPhone?: string | undefined; grade: string; subject: string; board: string; mode: string; location?: string | undefined; ... 15 more ...; updatedAt: Date; }'.
src/pages/classLeads/ClassLeadsListPage.tsx(266,126): error TS2339: Property '_id' does not exist on type '{ displaySubjects: string[]; id: string; studentName: string; parentEmail?: string | undefined; parentPhone?: string | undefined; grade: string; subject: string; board: string; mode: string; location?: string | undefined; ... 15 more ...; updatedAt: Date; }'.
src/pages/classLeads/ClassLeadsListPage.tsx(267,130): error TS2339: Property '_id' does not exist on type '{ displaySubjects: string[]; id: string; studentName: string; parentEmail?: string | undefined; parentPhone?: string | undefined; grade: string; subject: string; board: string; mode: string; location?: string | undefined; ... 15 more ...; updatedAt: Date; }'.
src/pages/coordinator/AttendanceApprovalPage.tsx(2,55): error TS6133: 'CardContent' is declared but its value is never read.
src/pages/coordinator/AttendanceApprovalPage.tsx(2,97): error TS6133: 'Dialog' is declared but its value is never read.
src/pages/coordinator/AttendanceApprovalPage.tsx(2,105): error TS6133: 'DialogTitle' is declared but its value is never read.
src/pages/coordinator/AttendanceApprovalPage.tsx(2,118): error TS6133: 'DialogContent' is declared but its value is never read.
src/pages/coordinator/AttendanceApprovalPage.tsx(2,133): error TS6133: 'DialogActions' is declared but its value is never read.
src/pages/coordinator/AttendanceApprovalPage.tsx(2,159): error TS6133: 'Skeleton' is declared but its value is never read.
src/pages/coordinator/AttendanceApprovalPage.tsx(2,182): error TS6133: 'Fade' is declared but its value is never read.
src/pages/coordinator/AttendanceApprovalPage.tsx(2,188): error TS6133: 'Slide' is declared but its value is never read.
src/pages/coordinator/CoordinatorDashboardPage.tsx(2,85): error TS6133: 'Fade' is declared but its value is never read.
src/pages/coordinator/CoordinatorSettingsPage.tsx(5,34): error TS6133: 'updateCoordinator' is declared but its value is never read.
src/pages/coordinator/PaymentTrackingPage.tsx(149,28): error TS6133: 'classId' is declared but its value is never read.
src/pages/coordinator/SendAnnouncementPage.tsx(80,9): error TS6133: 'navigate' is declared but its value is never read.
src/pages/coordinator/SendAnnouncementPage.tsx(91,21): error TS6133: 'pagination' is declared but its value is never read.
src/pages/coordinator/TestReportAnalysisPage.tsx(6,1): error TS6133: 'DownloadIcon' is declared but its value is never read.
src/pages/coordinator/TestReportAnalysisPage.tsx(8,10): error TS6133: 'LineChart' is declared but its value is never read.
src/pages/coordinator/TestReportAnalysisPage.tsx(8,21): error TS6133: 'Line' is declared but its value is never read.
src/pages/coordinator/TestReportAnalysisPage.tsx(19,18): error TS6133: 'subDays' is declared but its value is never read.
src/pages/coordinator/TestReportAnalysisPage.tsx(30,9): error TS6133: 'navigate' is declared but its value is never read.
src/pages/coordinator/TestReportAnalysisPage.tsx(145,29): error TS6133: 'event' is declared but its value is never read.
src/pages/coordinator/TutorPerformancePage.tsx(1,41): error TS6133: 'useMemo' is declared but its value is never read.
src/pages/coordinator/TutorPerformancePage.tsx(25,1): error TS6133: 'AssessmentIcon' is declared but its value is never read.
src/pages/coordinator/TutorPerformancePage.tsx(59,10): error TS6133: 'snackbar' is declared but its value is never read.
src/pages/coordinator/TutorPerformancePage.tsx(60,9): error TS6133: 'navigate' is declared but its value is never read.
src/pages/DashboardPage.tsx(6,1): error TS6133: 'TrendingUpIcon' is declared but its value is never read.
src/pages/DashboardPage.tsx(7,1): error TS6133: 'ClassIcon' is declared but its value is never read.
src/pages/DashboardPage.tsx(10,1): error TS6133: 'PendingActionsIcon' is declared but its value is never read.
src/pages/DashboardPage.tsx(14,1): error TS6133: 'MetricsCard' is declared but its value is never read.
src/pages/DashboardPage.tsx(24,1): error TS6133: 'LoadingSpinner' is declared but its value is never read.
src/pages/DashboardPage.tsx(47,5): error TS6133: 'classProgress' is declared but its value is never read.
src/pages/DashboardPage.tsx(50,5): error TS6133: 'pendingApprovals' is declared but its value is never read.
src/pages/manager/ManagerProfilePage.tsx(4,1): error TS6133: 'WorkIcon' is declared but its value is never read.
src/pages/manager/ManagerProfilePage.tsx(170,39): error TS2339: Property 'department' does not exist on type 'IManager'.
src/pages/manager/ManagerProfilePage.tsx(171,81): error TS2339: Property 'department' does not exist on type 'IManager'.
src/pages/notes/NotesDrivePage.tsx(21,9): error TS6133: 'user' is declared but its value is never read.
src/pages/parent/ParentDashboardPage.tsx(44,10): error TS6133: 'primaryTutorId' is declared but its value is never read.
src/pages/parent/ParentPaymentsPage.tsx(12,3): error TS6133: 'IconButton' is declared but its value is never read.
src/pages/parent/ParentPaymentsPage.tsx(35,24): error TS6133: 'setIsProcessing' is declared but its value is never read.
src/pages/payments/PaymentsListPage.tsx(19,49): error TS6133: 'refetch' is declared but its value is never read.
src/pages/student/StudentAttendancePage.tsx(6,1): error TS6133: 'EventIcon' is declared but its value is never read.
src/pages/student/StudentClassesPage.tsx(7,1): error TS6133: 'SchoolIcon' is declared but its value is never read.
src/pages/student/StudentTestDetailPage.tsx(29,9): error TS6133: 'id' is declared but its value is never read.
src/pages/tutors/TutorDashboardPage.tsx(10,3): error TS6133: 'TextField' is declared but its value is never read.
src/pages/tutors/TutorDashboardPage.tsx(12,3): error TS6133: 'MenuItem' is declared but its value is never read.
src/pages/tutors/TutorDashboardPage.tsx(22,1): error TS6133: 'TutorProfileOverviewCard' is declared but its value is never read.
src/pages/tutors/TutorDashboardPage.tsx(28,1): error TS6133: 'MyClassesCard' is declared but its value is never read.
src/pages/tutors/TutorDashboardPage.tsx(29,1): error TS6133: 'PaymentsEarningsCard' is declared but its value is never read.
src/pages/tutors/TutorDashboardPage.tsx(30,1): error TS6133: 'FeedbackPerformanceCard' is declared but its value is never read.
src/pages/tutors/TutorDashboardPage.tsx(31,1): error TS6133: 'FeedbackSummaryCard' is declared but its value is never read.
src/pages/tutors/TutorDashboardPage.tsx(32,1): error TS6133: 'NotificationsCenterCard' is declared but its value is never read.
src/pages/tutors/TutorDashboardPage.tsx(33,1): error TS6133: 'AttendanceHistoryCard' is declared but its value is never read.
src/pages/tutors/TutorDashboardPage.tsx(48,10): error TS6133: 'rescheduleLoading' is declared but its value is never read.
src/pages/tutors/TutorDashboardPage.tsx(49,10): error TS6133: 'rescheduleError' is declared but its value is never read.
src/pages/tutors/TutorDashboardPage.tsx(50,27): error TS6133: 'setSelectedClassId' is declared but its value is never read.
src/pages/tutors/TutorDashboardPage.tsx(51,26): error TS6133: 'setRescheduleDate' is declared but its value is never read.
src/pages/tutors/TutorDashboardPage.tsx(56,10): error TS6133: 'savingReschedule' is declared but its value is never read.
src/pages/tutors/TutorDashboardPage.tsx(57,10): error TS6133: 'rescheduleSuccess' is declared but its value is never read.
src/pages/tutors/TutorDashboardPage.tsx(62,10): error TS6133: 'tutorProfile' is declared but its value is never read.
src/pages/tutors/TutorDashboardPage.tsx(64,9): error TS6133: 'availableSessionDates' is declared but its value is never read.
src/pages/tutors/TutorDashboardPage.tsx(184,9): error TS6133: 'handleSaveReschedule' is declared but its value is never read.
src/pages/tutors/TutorTestsPage.tsx(363,24): error TS2339: Property 'paperUrl' does not exist on type 'ITest'.
src/pages/tutors/TutorTestsPage.tsx(365,22): error TS2339: Property 'paperUrl' does not exist on type 'ITest'.
src/pages/tutors/TutorTestsPage.tsx(367,26): error TS2339: Property 'paperName' does not exist on type 'ITest'.
src/services/finalClassService.ts(2,1): error TS6133: 'API_ENDPOINTS' is declared but its value is never read.
src/services/mockPaymentService.ts(114,43): error TS6133: 'amount' is declared but its value is never read.
